<?xml version="1.0" encoding="UTF-8"?>
<testng-results skipped="0" failed="0" total="1" passed="1">
  <reporter-output>
  </reporter-output>
  <suite name="Default suite" duration-ms="25986" started-at="2018-12-09T14:28:36Z" finished-at="2018-12-09T14:29:02Z">
    <groups>
    </groups>
    <test name="Default test" duration-ms="25986" started-at="2018-12-09T14:28:36Z" finished-at="2018-12-09T14:29:02Z">
      <class name="TestCategeories.TestNavigatePage">
        <test-method status="PASS" signature="SetUp()[pri:0, instance:TestCategeories.TestNavigatePage@457e2f02]" name="SetUp" is-config="true" duration-ms="11358" started-at="2018-12-09T19:58:36Z" finished-at="2018-12-09T19:58:47Z">
          <reporter-output>
          </reporter-output>
        </test-method> <!-- SetUp -->
        <test-method status="PASS" signature="NavigatePage()[pri:1, instance:TestCategeories.TestNavigatePage@457e2f02]" name="NavigatePage" duration-ms="13817" started-at="2018-12-09T19:58:47Z" finished-at="2018-12-09T19:59:01Z">
          <reporter-output>
          </reporter-output>
        </test-method> <!-- NavigatePage -->
        <test-method status="PASS" signature="Quit()[pri:0, instance:TestCategeories.TestNavigatePage@457e2f02]" name="Quit" is-config="true" duration-ms="788" started-at="2018-12-09T19:59:01Z" finished-at="2018-12-09T19:59:02Z">
          <reporter-output>
          </reporter-output>
        </test-method> <!-- Quit -->
      </class> <!-- TestCategeories.TestNavigatePage -->
    </test> <!-- Default test -->
  </suite> <!-- Default suite -->
</testng-results>
