<?xml version="1.0" encoding="UTF-8"?>
<testng-results skipped="0" failed="0" total="1" passed="1">
  <reporter-output>
  </reporter-output>
  <suite name="Default suite" duration-ms="11883" started-at="2018-12-07T18:10:22Z" finished-at="2018-12-07T18:10:34Z">
    <groups>
    </groups>
    <test name="Default test" duration-ms="11883" started-at="2018-12-07T18:10:22Z" finished-at="2018-12-07T18:10:34Z">
      <class name="TestCategeories.TestDragAndDropWithMovements">
        <test-method status="PASS" signature="StartDriver()[pri:0, instance:TestCategeories.TestDragAndDropWithMovements@457e2f02]" name="StartDriver" is-config="true" duration-ms="10734" started-at="2018-12-07T23:40:23Z" finished-at="2018-12-07T23:40:33Z">
          <reporter-output>
          </reporter-output>
        </test-method> <!-- StartDriver -->
        <test-method status="PASS" signature="Dropped()[pri:1, instance:TestCategeories.TestDragAndDropWithMovements@457e2f02]" name="Dropped" duration-ms="367" started-at="2018-12-07T23:40:33Z" finished-at="2018-12-07T23:40:34Z">
          <reporter-output>
          </reporter-output>
        </test-method> <!-- Dropped -->
        <test-method status="PASS" signature="StopDriver()[pri:0, instance:TestCategeories.TestDragAndDropWithMovements@457e2f02]" name="StopDriver" is-config="true" duration-ms="763" started-at="2018-12-07T23:40:34Z" finished-at="2018-12-07T23:40:34Z">
          <reporter-output>
          </reporter-output>
        </test-method> <!-- StopDriver -->
      </class> <!-- TestCategeories.TestDragAndDropWithMovements -->
    </test> <!-- Default test -->
  </suite> <!-- Default suite -->
</testng-results>
